<?xml version="1.0" encoding="UTF-8"?>
<!-- Generated by org.testng.reporters.JUnitReportReporter -->
<testsuite hostname="DESKTOP-R2T7A5T" failures="0" tests="1" name="zeeshan.SeleniumFramewordDesign.tests.StandAloneTest" time="22.028" errors="0" timestamp="2024-10-27T14:36:58 IST" skipped="0">
  <testcase classname="zeeshan.SeleniumFramewordDesign.tests.StandAloneTest" name="submitOrder" time="22.028"/>
</testsuite> <!-- zeeshan.SeleniumFramewordDesign.tests.StandAloneTest -->
