<?xml version="1.0" encoding="UTF-8"?>
<!-- Generated by org.testng.reporters.JUnitReportReporter -->
<testsuite hostname="DESKTOP-R2T7A5T" failures="0" tests="3" name="zeeshan.SeleniumFramewordDesign.tests.SubmitOrderTest" time="52.708" errors="0" timestamp="2024-10-30T21:18:47 IST" skipped="0">
  <testcase classname="zeeshan.SeleniumFramewordDesign.tests.SubmitOrderTest" name="submitOrder" time="21.279"/>
  <testcase classname="zeeshan.SeleniumFramewordDesign.tests.SubmitOrderTest" name="submitOrder" time="23.995"/>
  <testcase classname="zeeshan.SeleniumFramewordDesign.tests.SubmitOrderTest" name="orderHistoryTest" time="7.434"/>
</testsuite> <!-- zeeshan.SeleniumFramewordDesign.tests.SubmitOrderTest -->
